{"/home/edmon/frontend-project-46/src/genDiff.js": {"path":"/home/edmon/frontend-project-46/src/genDiff.js","statementMap":{"0":{"start":{"line":3,"column":20},"end":{"line":8,"column":1}},"1":{"start":{"line":4,"column":2},"end":{"line":6,"column":3}},"2":{"start":{"line":5,"column":4},"end":{"line":5,"column":24}},"3":{"start":{"line":7,"column":2},"end":{"line":7,"column":14}},"4":{"start":{"line":10,"column":16},"end":{"line":33,"column":1}},"5":{"start":{"line":11,"column":15},"end":{"line":11,"column":72}},"6":{"start":{"line":13,"column":16},"end":{"line":30,"column":4}},"7":{"start":{"line":14,"column":4},"end":{"line":16,"column":5}},"8":{"start":{"line":15,"column":6},"end":{"line":15,"column":53}},"9":{"start":{"line":18,"column":4},"end":{"line":20,"column":5}},"10":{"start":{"line":19,"column":6},"end":{"line":19,"column":53}},"11":{"start":{"line":22,"column":4},"end":{"line":27,"column":5}},"12":{"start":{"line":23,"column":6},"end":{"line":26,"column":7}},"13":{"start":{"line":29,"column":4},"end":{"line":29,"column":51}},"14":{"start":{"line":32,"column":2},"end":{"line":32,"column":43}}},"fnMap":{"0":{"name":"(anonymous_0)","decl":{"start":{"line":3,"column":20},"end":{"line":3,"column":21}},"loc":{"start":{"line":3,"column":31},"end":{"line":8,"column":1}},"line":3},"1":{"name":"(anonymous_1)","decl":{"start":{"line":10,"column":16},"end":{"line":10,"column":17}},"loc":{"start":{"line":10,"column":34},"end":{"line":33,"column":1}},"line":10},"2":{"name":"(anonymous_2)","decl":{"start":{"line":13,"column":25},"end":{"line":13,"column":26}},"loc":{"start":{"line":13,"column":34},"end":{"line":30,"column":3}},"line":13}},"branchMap":{"0":{"loc":{"start":{"line":4,"column":2},"end":{"line":6,"column":3}},"type":"if","locations":[{"start":{"line":4,"column":2},"end":{"line":6,"column":3}},{"start":{},"end":{}}],"line":4},"1":{"loc":{"start":{"line":4,"column":6},"end":{"line":4,"column":63}},"type":"binary-expr","locations":[{"start":{"line":4,"column":6},"end":{"line":4,"column":24}},{"start":{"line":4,"column":28},"end":{"line":4,"column":45}},{"start":{"line":4,"column":49},"end":{"line":4,"column":63}}],"line":4},"2":{"loc":{"start":{"line":14,"column":4},"end":{"line":16,"column":5}},"type":"if","locations":[{"start":{"line":14,"column":4},"end":{"line":16,"column":5}},{"start":{},"end":{}}],"line":14},"3":{"loc":{"start":{"line":18,"column":4},"end":{"line":20,"column":5}},"type":"if","locations":[{"start":{"line":18,"column":4},"end":{"line":20,"column":5}},{"start":{},"end":{}}],"line":18},"4":{"loc":{"start":{"line":22,"column":4},"end":{"line":27,"column":5}},"type":"if","locations":[{"start":{"line":22,"column":4},"end":{"line":27,"column":5}},{"start":{},"end":{}}],"line":22}},"s":{"0":1,"1":6,"2":4,"3":2,"4":1,"5":1,"6":1,"7":5,"8":2,"9":3,"10":1,"11":2,"12":1,"13":1,"14":1},"f":{"0":6,"1":1,"2":5},"b":{"0":[4,2],"1":[6,4,2],"2":[2,3],"3":[1,2],"4":[1,1]},"_coverageSchema":"1a1c01bbd47fc00a2c39e90264f33305004495a9","hash":"d8fc604335e4199a9bddb0d9d298d311dd8fd1e5"}
}
